<?xml version="1.0" encoding="UTF-8"?>
<testng-results ignored="0" total="1" passed="1" failed="0" skipped="0">
  <reporter-output>
  </reporter-output>
  <suite started-at="2022-01-30T07:57:23Z" name="com.vijaya.progs.LoginTest" finished-at="2022-01-30T07:58:35Z" duration-ms="72170">
    <groups>
    </groups>
    <test started-at="2022-01-30T07:57:23Z" name="Command line test" finished-at="2022-01-30T07:58:35Z" duration-ms="72170">
      <class name="com.vijaya.progs.LoginTest">
        <test-method signature="test1()[pri:0, instance:com.vijaya.progs.LoginTest@35047d03]" started-at="2022-01-30T07:57:23Z" name="test1" finished-at="2022-01-30T07:58:35Z" duration-ms="72044" status="PASS">
          <reporter-output>
          </reporter-output>
        </test-method> <!-- test1 -->
      </class> <!-- com.vijaya.progs.LoginTest -->
    </test> <!-- Command line test -->
  </suite> <!-- com.vijaya.progs.LoginTest -->
</testng-results>
