<?xml version="1.0" encoding="UTF-8"?>
<testng-results ignored="0" total="1" passed="1" failed="0" skipped="0">
  <reporter-output>
  </reporter-output>
  <suite started-at="2022-01-29T14:07:09Z" name="Default suite" finished-at="2022-01-29T14:07:32Z" duration-ms="22728">
    <groups>
    </groups>
    <test started-at="2022-01-29T14:07:09Z" name="Default test" finished-at="2022-01-29T14:07:32Z" duration-ms="22728">
      <class name="com.vijaya.progs.LoginTest">
        <test-method signature="test()[pri:0, instance:com.vijaya.progs.LoginTest@7cb502c]" started-at="2022-01-29T14:07:10Z" name="test" finished-at="2022-01-29T14:07:32Z" duration-ms="22628" status="PASS">
          <reporter-output>
          </reporter-output>
        </test-method> <!-- test -->
      </class> <!-- com.vijaya.progs.LoginTest -->
    </test> <!-- Default test -->
  </suite> <!-- Default suite -->
</testng-results>
