<?xml version="1.0" encoding="UTF-8"?>
<testng-results ignored="0" total="1" passed="1" failed="0" skipped="0">
  <reporter-output>
  </reporter-output>
  <suite started-at="2022-01-30T08:03:16Z" name="Default suite" finished-at="2022-01-30T08:03:38Z" duration-ms="21511">
    <groups>
    </groups>
    <test started-at="2022-01-30T08:03:16Z" name="Default test" finished-at="2022-01-30T08:03:38Z" duration-ms="21511">
      <class name="com.vijaya.progs.LoginTest">
        <test-method signature="test1()[pri:0, instance:com.vijaya.progs.LoginTest@5ddf0d24]" started-at="2022-01-30T08:03:16Z" name="test1" finished-at="2022-01-30T08:03:38Z" duration-ms="21441" status="PASS">
          <reporter-output>
          </reporter-output>
        </test-method> <!-- test1 -->
      </class> <!-- com.vijaya.progs.LoginTest -->
    </test> <!-- Default test -->
  </suite> <!-- Default suite -->
</testng-results>
